This is pdfTeX, Version 3.141592653-2.6-1.40.24 (TeX Live 2022) (preloaded format=mptopdf 2022.4.7)  14 JUN 2022 19:09
 restricted \write18 enabled.
 %&-line parsing enabled.
**\relax fig_effects_2013.1
 (./fig_effects_2013.1{/usr/local/texlive/2022basic/texmf-var/fonts/map/pdftex/
updmap/pdftex.map}) [1] 
Here is how much of TeX's memory you used:
 42 strings out of 496679
 412 string characters out of 6200449
 4071146 words of memory out of 9056352
 1705 multiletter control sequences out of 15000+600000
 1807 words of font info for 6 fonts, out of 8000000 for 9000
 0 hyphenation exceptions out of 8191
 10i,3n,7p,172b,244s stack positions out of 10000i,1000n,20000p,200000b,200000s
</usr/local/texlive/2022basic/texmf-dist/fonts/type1/pub
lic/amsfonts/cm/cmr10.pfb>
Output written on fig_effects_2013.pdf (1 page, 25338 bytes).
PDF statistics:
 12 PDF objects out of 1000 (max. 8388607)
 0 named destinations out of 1000 (max. 500000)
 7 words of extra memory for PDF output out of 10000 (max. 10000000)

